Fri, 22 Dec 2017 19:51:30 +0100 [UpgradeWizard] - setting session variables...
Fri, 22 Dec 2017 19:51:30 +0100 [UpgradeWizard] - -----------------------------------------------------------------------------
Fri, 22 Dec 2017 19:51:30 +0100 [UpgradeWizard] - Upgrade started. At start.php
Fri, 22 Dec 2017 19:51:30 +0100 [UpgradeWizard] - at unlinkUWTempFiles()
Fri, 22 Dec 2017 19:51:30 +0100 [UpgradeWizard] - finished!
Fri, 22 Dec 2017 19:51:30 +0100 [UpgradeWizard] - resetting $_SESSION
Fri, 22 Dec 2017 19:51:32 +0100 [UpgradeWizard] - setting session variables...
Fri, 22 Dec 2017 19:51:32 +0100 [UpgradeWizard] - [At systemCheck.php]
Fri, 22 Dec 2017 19:51:32 +0100 [UpgradeWizard] - Starting file permission check...
Fri, 22 Dec 2017 19:51:44 +0100 [UpgradeWizard] - Finished file permission check.
Fri, 22 Dec 2017 19:51:44 +0100 [UpgradeWizard] - Starting database permissions check...
Fri, 22 Dec 2017 19:51:44 +0100 [UpgradeWizard] - Checking CREATE TABLE permissions...
Fri, 22 Dec 2017 19:51:44 +0100 [UpgradeWizard] - Checking INSERT INTO permissions...
Fri, 22 Dec 2017 19:51:44 +0100 [UpgradeWizard] - Checking UPDATE TABLE permissions...
Fri, 22 Dec 2017 19:51:44 +0100 [UpgradeWizard] - Checking SELECT permissions...
Fri, 22 Dec 2017 19:51:44 +0100 [UpgradeWizard] - Checking DELETE FROM permissions...
Fri, 22 Dec 2017 19:51:44 +0100 [UpgradeWizard] - Checking ALTER TABLE ADD COLUMN permissions...
Fri, 22 Dec 2017 19:51:44 +0100 [UpgradeWizard] - Checking ALTER TABLE CHANGE COLUMN permissions...
Fri, 22 Dec 2017 19:51:44 +0100 [UpgradeWizard] - Checking ALTER TABLE DROP COLUMN permissions...
Fri, 22 Dec 2017 19:51:44 +0100 [UpgradeWizard] - Checking DROP TABLE permissions...
Fri, 22 Dec 2017 19:51:44 +0100 [UpgradeWizard] - No permissions errors found!
Fri, 22 Dec 2017 19:51:44 +0100 [UpgradeWizard] - Finished database permissions check.
Fri, 22 Dec 2017 22:32:50 +0100 [UpgradeWizard] - setting session variables...
Fri, 22 Dec 2017 22:32:50 +0100 [UpgradeWizard] - -----------------------------------------------------------------------------
Fri, 22 Dec 2017 22:32:50 +0100 [UpgradeWizard] - Upgrade started. At start.php
Fri, 22 Dec 2017 22:32:50 +0100 [UpgradeWizard] - at unlinkUWTempFiles()
Fri, 22 Dec 2017 22:32:50 +0100 [UpgradeWizard] - finished!
Fri, 22 Dec 2017 22:32:50 +0100 [UpgradeWizard] - resetting $_SESSION
Fri, 22 Dec 2017 22:32:56 +0100 [UpgradeWizard] - setting session variables...
Fri, 22 Dec 2017 22:32:56 +0100 [UpgradeWizard] - [At systemCheck.php]
Fri, 22 Dec 2017 22:32:56 +0100 [UpgradeWizard] - Starting file permission check...
Fri, 22 Dec 2017 22:33:06 +0100 [UpgradeWizard] - Finished file permission check.
Fri, 22 Dec 2017 22:33:06 +0100 [UpgradeWizard] - Starting database permissions check...
Fri, 22 Dec 2017 22:33:06 +0100 [UpgradeWizard] - Checking CREATE TABLE permissions...
Fri, 22 Dec 2017 22:33:06 +0100 [UpgradeWizard] - Checking INSERT INTO permissions...
Fri, 22 Dec 2017 22:33:06 +0100 [UpgradeWizard] - Checking UPDATE TABLE permissions...
Fri, 22 Dec 2017 22:33:06 +0100 [UpgradeWizard] - Checking SELECT permissions...
Fri, 22 Dec 2017 22:33:06 +0100 [UpgradeWizard] - Checking DELETE FROM permissions...
Fri, 22 Dec 2017 22:33:06 +0100 [UpgradeWizard] - Checking ALTER TABLE ADD COLUMN permissions...
Fri, 22 Dec 2017 22:33:06 +0100 [UpgradeWizard] - Checking ALTER TABLE CHANGE COLUMN permissions...
Fri, 22 Dec 2017 22:33:06 +0100 [UpgradeWizard] - Checking ALTER TABLE DROP COLUMN permissions...
Fri, 22 Dec 2017 22:33:06 +0100 [UpgradeWizard] - Checking DROP TABLE permissions...
Fri, 22 Dec 2017 22:33:06 +0100 [UpgradeWizard] - No permissions errors found!
Fri, 22 Dec 2017 22:33:06 +0100 [UpgradeWizard] - Finished database permissions check.
Thu, 18 Jan 2018 19:33:56 +0100 [UpgradeWizard] - setting session variables...
Thu, 18 Jan 2018 19:33:56 +0100 [UpgradeWizard] - -----------------------------------------------------------------------------
Thu, 18 Jan 2018 19:33:56 +0100 [UpgradeWizard] - Upgrade started. At start.php
Thu, 18 Jan 2018 19:33:56 +0100 [UpgradeWizard] - at unlinkUWTempFiles()
Thu, 18 Jan 2018 19:33:56 +0100 [UpgradeWizard] - finished!
Thu, 18 Jan 2018 19:33:56 +0100 [UpgradeWizard] - resetting $_SESSION
Thu, 18 Jan 2018 19:33:59 +0100 [UpgradeWizard] - setting session variables...
Thu, 18 Jan 2018 19:33:59 +0100 [UpgradeWizard] - [At systemCheck.php]
Thu, 18 Jan 2018 19:33:59 +0100 [UpgradeWizard] - Starting file permission check...
Thu, 18 Jan 2018 19:34:15 +0100 [UpgradeWizard] - Finished file permission check.
Thu, 18 Jan 2018 19:34:15 +0100 [UpgradeWizard] - Starting database permissions check...
Thu, 18 Jan 2018 19:34:15 +0100 [UpgradeWizard] - Checking CREATE TABLE permissions...
Thu, 18 Jan 2018 19:34:15 +0100 [UpgradeWizard] - Checking INSERT INTO permissions...
Thu, 18 Jan 2018 19:34:15 +0100 [UpgradeWizard] - Checking UPDATE TABLE permissions...
Thu, 18 Jan 2018 19:34:15 +0100 [UpgradeWizard] - Checking SELECT permissions...
Thu, 18 Jan 2018 19:34:15 +0100 [UpgradeWizard] - Checking DELETE FROM permissions...
Thu, 18 Jan 2018 19:34:15 +0100 [UpgradeWizard] - Checking ALTER TABLE ADD COLUMN permissions...
Thu, 18 Jan 2018 19:34:15 +0100 [UpgradeWizard] - Checking ALTER TABLE CHANGE COLUMN permissions...
Thu, 18 Jan 2018 19:34:15 +0100 [UpgradeWizard] - Checking ALTER TABLE DROP COLUMN permissions...
Thu, 18 Jan 2018 19:34:15 +0100 [UpgradeWizard] - Checking DROP TABLE permissions...
Thu, 18 Jan 2018 19:34:15 +0100 [UpgradeWizard] - No permissions errors found!
Thu, 18 Jan 2018 19:34:15 +0100 [UpgradeWizard] - Finished database permissions check.
